\BOOKMARK [0][-]{chapter*.4}{Agradecimientos}{}% 1
\BOOKMARK [0][-]{chapter*.5}{Resumen}{}% 2
\BOOKMARK [0][-]{chapter.1}{Introduction}{}% 3
\BOOKMARK [1][-]{section.1.1}{Justification}{chapter.1}% 4
\BOOKMARK [1][-]{section.1.2}{Hypothesis}{chapter.1}% 5
\BOOKMARK [1][-]{section.1.3}{Objectives}{chapter.1}% 6
\BOOKMARK [2][-]{subsection.1.3.1}{General Objectives}{section.1.3}% 7
\BOOKMARK [2][-]{subsection.1.3.2}{Specific Objectives}{section.1.3}% 8
\BOOKMARK [1][-]{section.1.4}{Metodology}{chapter.1}% 9
\BOOKMARK [1][-]{section.1.5}{Structure}{chapter.1}% 10
\BOOKMARK [0][-]{chapter.2}{Background}{}% 11
\BOOKMARK [1][-]{section.2.1}{Machine Learning}{chapter.2}% 12
\BOOKMARK [2][-]{subsection.2.1.1}{Neural Network}{section.2.1}% 13
\BOOKMARK [1][-]{section.2.2}{Sentiment Analysis}{chapter.2}% 14
\BOOKMARK [2][-]{subsection.2.2.1}{Concept}{section.2.2}% 15
\BOOKMARK [2][-]{subsection.2.2.2}{Tokenizing}{section.2.2}% 16
\BOOKMARK [0][-]{chapter.3}{Related Work}{}% 17
\BOOKMARK [1][-]{section.3.1}{Related Projects}{chapter.3}% 18
\BOOKMARK [2][-]{subsection.3.1.1}{Similar Approaches}{section.3.1}% 19
\BOOKMARK [2][-]{subsection.3.1.2}{Sentiment Analysis in Other Areas}{section.3.1}% 20
\BOOKMARK [1][-]{section.3.2}{Comparative Analysis}{chapter.3}% 21
\BOOKMARK [2][-]{subsection.3.2.1}{Opportunities for Improvement}{section.3.2}% 22
\BOOKMARK [0][-]{chapter.4}{Project Design}{}% 23
\BOOKMARK [1][-]{section.4.1}{Inner Workings Design}{chapter.4}% 24
\BOOKMARK [2][-]{subsection.4.1.1}{Datasets}{section.4.1}% 25
\BOOKMARK [2][-]{subsection.4.1.2}{Text Filtering}{section.4.1}% 26
\BOOKMARK [2][-]{subsection.4.1.3}{Neural Network}{section.4.1}% 27
\BOOKMARK [1][-]{section.4.2}{Tools}{chapter.4}% 28
\BOOKMARK [1][-]{section.4.3}{Inner Workings}{chapter.4}% 29
\BOOKMARK [2][-]{subsection.4.3.1}{Text Filtering}{section.4.3}% 30
\BOOKMARK [2][-]{subsection.4.3.2}{Neural Network}{section.4.3}% 31
\BOOKMARK [2][-]{subsection.4.3.3}{Portability}{section.4.3}% 32
\BOOKMARK [0][-]{chapter.5}{Project Development}{}% 33
\BOOKMARK [1][-]{section.5.1}{Inputs and Outputs}{chapter.5}% 34
\BOOKMARK [2][-]{subsection.5.1.1}{Inputs}{section.5.1}% 35
\BOOKMARK [2][-]{subsection.5.1.2}{Outputs}{section.5.1}% 36
\BOOKMARK [1][-]{section.5.2}{Interface}{chapter.5}% 37
\BOOKMARK [2][-]{subsection.5.2.1}{Assistant}{section.5.2}% 38
\BOOKMARK [1][-]{section.5.3}{Experiments}{chapter.5}% 39
\BOOKMARK [2][-]{subsection.5.3.1}{Experiment 1 / May 2020}{section.5.3}% 40
\BOOKMARK [2][-]{subsection.5.3.2}{Experiment 2 / July 2021}{section.5.3}% 41
\BOOKMARK [2][-]{subsection.5.3.3}{Experiment 3 / October 2021-1}{section.5.3}% 42
